<?xml version="1.0" encoding="UTF-8"?>
<testsuite name="creación de secuencia fibonacci" tests="3" skipped="0" failures="0" errors="0" timestamp="2021-02-23T19:09:22" hostname="KEVINP-ARCINIEGAS" time="0.183">
  <properties/>
  <testcase name="secuencia en posición 1 donde retorne un valor de 1" classname="creación de secuencia fibonacci" time="0.128"/>
  <testcase name="secuencia en posición 3 donde retorne un valor de 2" classname="creación de secuencia fibonacci" time="0.02"/>
  <testcase name="secuencia en posición 9 donde retorne un valor de 34" classname="creación de secuencia fibonacci" time="0.024"/>
  <system-out><![CDATA[?[32m.?[0m?[32m.?[0m?[32m.?[0m?[32m.?[0m?[32m.?[0m?[32m.?[0m?[32m.?[0m?[32m.?[0m?[32m.?[0m]]></system-out>
  <system-err><![CDATA[]]></system-err>
</testsuite>
